[2022-03-13 08:48:30] [1] [WARN] Reporting disabled: using no op test run registrar
[2022-03-13 08:48:30] [1] [INFO] TEST [igorcarinademo - validationUiElementsOnChartPageTest] STARTED at [22:48:30 2022-03-13]
[2022-03-13 08:48:46] [1] [INFO] PASS: element 'nextBtn' is clicked.
[2022-03-13 08:48:50] [1] [INFO] PASS: keys cleared in element 'nameInputField'.
[2022-03-13 08:48:52] [1] [INFO] PASS: keys 'qwerty' are sent to element 'nameInputField'.
[2022-03-13 08:48:56] [1] [INFO] PASS: keys cleared in element 'passwordInputField'.
[2022-03-13 08:49:00] [1] [INFO] PASS: keys '123456' are sent to element 'passwordInputField'.
[2022-03-13 08:49:03] [1] [INFO] PASS: element 'maleRadioBtn' is clicked.
[2022-03-13 08:49:05] [1] [INFO] PASS: element 'privacyPolicyCheckbox' is clicked.
[2022-03-13 08:49:09] [1] [INFO] PASS: element 'loginBtn' is clicked.
[2022-03-13 08:49:13] [1] [INFO] PASS: element 'navigateBtn' is clicked.
[2022-03-13 08:49:16] [1] [INFO] PASS: element 'menuName' is clicked.
[2022-03-13 08:49:19] [1] [ERROR] TEST [igorcarinademo - validationUiElementsOnChartPageTest] FAILED at [22:49:19 2022-03-13] - Method has not yet been implemented
Build info: version: '3.141.59', revision: 'e82be7d358', time: '2018-11-14T08:17:03'
System info: host: 'Ihor', ip: 'fe80:0:0:0:9d:5070:91b7:f00c%en0', os.name: 'Mac OS X', os.arch: 'x86_64', os.version: '12.2.1', java.version: '11.0.14.1'
Driver info: io.appium.java_client.android.AndroidDriver
Capabilities {app: https://qaprosoft.s3-us-wes..., appPackage: com.solvd.carinademoapplica..., automationName: uiautomator2, databaseEnabled: false, desired: {app: https://qaprosoft.s3-us-wes..., automationName: uiautomator2, deviceName: Nexus 5, deviceType: phone, language: en, locale: US, platformName: android}, deviceApiLevel: 32, deviceManufacturer: Google, deviceModel: sdk_gphone64_x86_64, deviceName: emulator-5554, deviceScreenDensity: 480, deviceScreenSize: 1080x1920, deviceType: phone, deviceUDID: emulator-5554, javascriptEnabled: true, language: en, locale: US, locationContextEnabled: false, networkConnectionEnabled: true, pixelRatio: 3, platform: LINUX, platformName: ANDROID, platformVersion: 12, statBarHeight: 72, takesScreenshot: true, viewportRect: {height: 1800, left: 0, top: 72, width: 1080}, warnings: {}, webStorageEnabled: false}
Session ID: 82e0b0a2-2d3a-49b5-825e-f77c3195b8d2

jdk.internal.reflect.GeneratedConstructorAccessor22.newInstance(Unknown Source)
java.base/jdk.internal.reflect.DelegatingConstructorAccessorImpl.newInstance(DelegatingConstructorAccessorImpl.java:45)
java.base/java.lang.reflect.Constructor.newInstance(Constructor.java:490)
org.openqa.selenium.remote.http.W3CHttpResponseCodec.createException(W3CHttpResponseCodec.java:187)
org.openqa.selenium.remote.http.W3CHttpResponseCodec.decode(W3CHttpResponseCodec.java:122)
org.openqa.selenium.remote.http.W3CHttpResponseCodec.decode(W3CHttpResponseCodec.java:49)
org.openqa.selenium.remote.HttpCommandExecutor.execute(HttpCommandExecutor.java:158)
com.qaprosoft.carina.core.foundation.webdriver.listener.EventFiringAppiumCommandExecutor.execute(EventFiringAppiumCommandExecutor.java:153)
org.openqa.selenium.remote.RemoteWebDriver.execute(RemoteWebDriver.java:552)
io.appium.java_client.DefaultGenericMobileDriver.execute(DefaultGenericMobileDriver.java:45)
io.appium.java_client.AppiumDriver.execute(AppiumDriver.java:1)
io.appium.java_client.android.AndroidDriver.execute(AndroidDriver.java:1)
org.openqa.selenium.remote.RemoteWebDriver.getCurrentUrl$original$beDHblQE(RemoteWebDriver.java:287)
org.openqa.selenium.remote.RemoteWebDriver.getCurrentUrl$original$beDHblQE$accessor$xxGTJFie(RemoteWebDriver.java)
org.openqa.selenium.remote.RemoteWebDriver$auxiliary$eVqTiRJI.call(Unknown Source)
com.zebrunner.agent.core.webdriver.PublicMethodInvocationInterceptor.onPublicMethodInvocation(PublicMethodInvocationInterceptor.java:18)
org.openqa.selenium.remote.RemoteWebDriver.getCurrentUrl(RemoteWebDriver.java)
java.base/jdk.internal.reflect.NativeMethodAccessorImpl.invoke0(Native Method)
java.base/jdk.internal.reflect.NativeMethodAccessorImpl.invoke(NativeMethodAccessorImpl.java:62)
java.base/jdk.internal.reflect.DelegatingMethodAccessorImpl.invoke(DelegatingMethodAccessorImpl.java:43)
java.base/java.lang.reflect.Method.invoke(Method.java:566)
org.openqa.selenium.support.events.EventFiringWebDriver.lambda$new$1(EventFiringWebDriver.java:105)
io.appium.java_client.android.$Proxy32.getCurrentUrl(Unknown Source)
org.openqa.selenium.support.events.EventFiringWebDriver.getCurrentUrl(EventFiringWebDriver.java:171)
com.qaprosoft.carina.core.foundation.webdriver.DriverHelper.isPageOpened(DriverHelper.java:1016)
com.qaprosoft.carina.core.gui.AbstractPage.isPageOpened(AbstractPage.java:80)
com.qaprosoft.carina.core.gui.AbstractPage.isPageOpened(AbstractPage.java:67)
com.qaprosoft.carina.igor.CarinaPageTest.validationUiElementsOnChartPageTest(CarinaPageTest.java:53)
java.base/jdk.internal.reflect.NativeMethodAccessorImpl.invoke0(Native Method)
java.base/jdk.internal.reflect.NativeMethodAccessorImpl.invoke(NativeMethodAccessorImpl.java:62)
java.base/jdk.internal.reflect.DelegatingMethodAccessorImpl.invoke(DelegatingMethodAccessorImpl.java:43)
java.base/java.lang.reflect.Method.invoke(Method.java:566)
org.testng.internal.MethodInvocationHelper.invokeMethod(MethodInvocationHelper.java:133)
org.testng.internal.TestInvoker.invokeMethod(TestInvoker.java:598)
org.testng.internal.TestInvoker.invokeTestMethod(TestInvoker.java:173)
org.testng.internal.MethodRunner.runInSequence(MethodRunner.java:46)
org.testng.internal.TestInvoker$MethodInvocationAgent.invoke(TestInvoker.java:824)
org.testng.internal.TestInvoker.invokeTestMethods(TestInvoker.java:146)
org.testng.internal.TestMethodWorker.invokeTestMethods(TestMethodWorker.java:146)
org.testng.internal.TestMethodWorker.run(TestMethodWorker.java:128)
java.base/java.util.ArrayList.forEach(ArrayList.java:1541)
org.testng.TestRunner.privateRun(TestRunner.java:794)
org.testng.TestRunner.run(TestRunner.java:596)
org.testng.SuiteRunner.runTest(SuiteRunner.java:377)
org.testng.SuiteRunner.runSequentially(SuiteRunner.java:371)
org.testng.SuiteRunner.privateRun(SuiteRunner.java:332)
org.testng.SuiteRunner.run(SuiteRunner.java:276)
org.testng.SuiteRunnerWorker.runSuite(SuiteRunnerWorker.java:53)
org.testng.SuiteRunnerWorker.run(SuiteRunnerWorker.java:96)
org.testng.TestNG.runSuitesSequentially(TestNG.java:1212)
org.testng.TestNG.runSuitesLocally(TestNG.java:1134)
org.testng.TestNG.runSuites(TestNG.java:1063)
org.testng.TestNG.run(TestNG.java:1031)
com.intellij.rt.testng.IDEARemoteTestNG.run(IDEARemoteTestNG.java:66)
com.intellij.rt.testng.RemoteTestNGStarter.main(RemoteTestNGStarter.java:109)
