[2022-03-13 09:23:24] [1] [WARN] Reporting disabled: using no op test run registrar
[2022-03-13 09:23:24] [1] [INFO] TEST [igorcarinademo - validationOnWebViewPageTest] STARTED at [23:23:24 2022-03-13]
[2022-03-13 09:23:44] [1] [INFO] PASS: element 'nextBtn' is clicked.
[2022-03-13 09:23:48] [1] [INFO] PASS: keys cleared in element 'nameInputField'.
[2022-03-13 09:23:50] [1] [INFO] PASS: keys 'qwerty' are sent to element 'nameInputField'.
[2022-03-13 09:23:53] [1] [INFO] PASS: keys cleared in element 'passwordInputField'.
[2022-03-13 09:23:55] [1] [INFO] PASS: keys '123456' are sent to element 'passwordInputField'.
[2022-03-13 09:23:58] [1] [INFO] PASS: element 'maleRadioBtn' is clicked.
[2022-03-13 09:24:01] [1] [INFO] PASS: element 'privacyPolicyCheckbox' is clicked.
[2022-03-13 09:24:04] [1] [INFO] PASS: element 'loginBtn' is clicked.
[2022-03-13 09:24:08] [1] [INFO] PASS: element 'navigateBtn' is clicked.
[2022-03-13 09:24:11] [1] [INFO] PASS: element 'nameMenuBtn' is clicked.
[2022-03-13 09:24:20] [1] [INFO] PASS: element 'burgerMenuBtn' is clicked.
[2022-03-13 09:25:10] [1] [INFO] swiping to element: readOnGitHubBtn (By.xpath: //android.view.View[@content-desc='Read on GitHub'])
[2022-03-13 09:25:14] [1] [INFO] Swipe was executed. Attempts remain: 19
[2022-03-13 09:25:25] [1] [INFO] Swipe was executed. Attempts remain: 18
[2022-03-13 09:25:35] [1] [INFO] Swipe was executed. Attempts remain: 17
[2022-03-13 09:25:43] [1] [INFO] Swipe was executed. Attempts remain: 16
[2022-03-13 09:25:52] [1] [INFO] Swipe was executed. Attempts remain: 15
[2022-03-13 09:26:17] [1] [INFO] Swipe was executed. Attempts remain: 14
[2022-03-13 09:26:26] [1] [INFO] Swipe was executed. Attempts remain: 13
[2022-03-13 09:26:37] [1] [INFO] Swipe was executed. Attempts remain: 12
[2022-03-13 09:26:45] [1] [INFO] Swipe was executed. Attempts remain: 11
[2022-03-13 09:26:54] [1] [INFO] Swipe was executed. Attempts remain: 10
[2022-03-13 09:27:04] [1] [INFO] Swipe was executed. Attempts remain: 9
[2022-03-13 09:27:14] [1] [INFO] Swipe was executed. Attempts remain: 8
[2022-03-13 09:27:22] [1] [INFO] Swipe was executed. Attempts remain: 7
[2022-03-13 09:27:32] [1] [INFO] Swipe was executed. Attempts remain: 6
[2022-03-13 09:27:42] [1] [INFO] Swipe was executed. Attempts remain: 5
[2022-03-13 09:27:42] [1] [INFO] Result: true
[2022-03-13 09:28:08] [1] [ERROR] TEST [igorcarinademo - validationOnWebViewPageTest] FAILED at [23:28:08 2022-03-13] - Contacts page isn't opened expected [true] but found [false]

org.testng.Assert.fail(Assert.java:99)
org.testng.Assert.failNotEquals(Assert.java:1037)
org.testng.Assert.assertTrue(Assert.java:45)
com.qaprosoft.carina.igor.CarinaPageTest.validationOnWebViewPageTest(CarinaPageTest.java:152)
java.base/jdk.internal.reflect.NativeMethodAccessorImpl.invoke0(Native Method)
java.base/jdk.internal.reflect.NativeMethodAccessorImpl.invoke(NativeMethodAccessorImpl.java:62)
java.base/jdk.internal.reflect.DelegatingMethodAccessorImpl.invoke(DelegatingMethodAccessorImpl.java:43)
java.base/java.lang.reflect.Method.invoke(Method.java:566)
org.testng.internal.MethodInvocationHelper.invokeMethod(MethodInvocationHelper.java:133)
org.testng.internal.TestInvoker.invokeMethod(TestInvoker.java:598)
org.testng.internal.TestInvoker.invokeTestMethod(TestInvoker.java:173)
org.testng.internal.MethodRunner.runInSequence(MethodRunner.java:46)
org.testng.internal.TestInvoker$MethodInvocationAgent.invoke(TestInvoker.java:824)
org.testng.internal.TestInvoker.invokeTestMethods(TestInvoker.java:146)
org.testng.internal.TestMethodWorker.invokeTestMethods(TestMethodWorker.java:146)
org.testng.internal.TestMethodWorker.run(TestMethodWorker.java:128)
java.base/java.util.ArrayList.forEach(ArrayList.java:1541)
org.testng.TestRunner.privateRun(TestRunner.java:794)
org.testng.TestRunner.run(TestRunner.java:596)
org.testng.SuiteRunner.runTest(SuiteRunner.java:377)
org.testng.SuiteRunner.runSequentially(SuiteRunner.java:371)
org.testng.SuiteRunner.privateRun(SuiteRunner.java:332)
org.testng.SuiteRunner.run(SuiteRunner.java:276)
org.testng.SuiteRunnerWorker.runSuite(SuiteRunnerWorker.java:53)
org.testng.SuiteRunnerWorker.run(SuiteRunnerWorker.java:96)
org.testng.TestNG.runSuitesSequentially(TestNG.java:1212)
org.testng.TestNG.runSuitesLocally(TestNG.java:1134)
org.testng.TestNG.runSuites(TestNG.java:1063)
org.testng.TestNG.run(TestNG.java:1031)
com.intellij.rt.testng.IDEARemoteTestNG.run(IDEARemoteTestNG.java:66)
com.intellij.rt.testng.RemoteTestNGStarter.main(RemoteTestNGStarter.java:109)
